2025-12-17T11:56:18.040+02:00  INFO 10752 --- [veebipood] [main] e.taavi.veebipood.VeebipoodApplication   : Starting VeebipoodApplication using Java 25 with PID 10752 (C:\Users\taavi\Documents\GitHub\veebipood\target\classes started by taavi in C:\Users\taavi\Documents\GitHub\veebipood)
2025-12-17T11:56:18.043+02:00  INFO 10752 --- [veebipood] [main] e.taavi.veebipood.VeebipoodApplication   : No active profile set, falling back to 1 default profile: "default"
2025-12-17T11:56:21.940+02:00  INFO 10752 --- [veebipood] [main] .s.d.r.c.RepositoryConfigurationDelegate : Multiple Spring Data modules found, entering strict repository configuration mode
2025-12-17T11:56:21.951+02:00  INFO 10752 --- [veebipood] [main] .s.d.r.c.RepositoryConfigurationDelegate : Bootstrapping Spring Data JPA repositories in DEFAULT mode.
2025-12-17T11:56:22.456+02:00  INFO 10752 --- [veebipood] [main] .s.d.r.c.RepositoryConfigurationDelegate : Finished Spring Data repository scanning in 476 ms. Found 4 JPA repository interfaces.
2025-12-17T11:56:22.599+02:00  INFO 10752 --- [veebipood] [main] .s.d.r.c.RepositoryConfigurationDelegate : Multiple Spring Data modules found, entering strict repository configuration mode
2025-12-17T11:56:22.602+02:00  INFO 10752 --- [veebipood] [main] .s.d.r.c.RepositoryConfigurationDelegate : Bootstrapping Spring Data Redis repositories in DEFAULT mode.
2025-12-17T11:56:22.665+02:00  INFO 10752 --- [veebipood] [main] .RepositoryConfigurationExtensionSupport : Spring Data Redis - Could not safely identify store assignment for repository candidate interface ee.taavi.veebipood.repository.CategoryRepository; If you want this repository to be a Redis repository, consider annotating your entities with one of these annotations: org.springframework.data.redis.core.RedisHash (preferred), or consider extending one of the following types with your repository: org.springframework.data.keyvalue.repository.KeyValueRepository
2025-12-17T11:56:22.677+02:00  INFO 10752 --- [veebipood] [main] .RepositoryConfigurationExtensionSupport : Spring Data Redis - Could not safely identify store assignment for repository candidate interface ee.taavi.veebipood.repository.OrderRepository; If you want this repository to be a Redis repository, consider annotating your entities with one of these annotations: org.springframework.data.redis.core.RedisHash (preferred), or consider extending one of the following types with your repository: org.springframework.data.keyvalue.repository.KeyValueRepository
2025-12-17T11:56:22.692+02:00  INFO 10752 --- [veebipood] [main] .RepositoryConfigurationExtensionSupport : Spring Data Redis - Could not safely identify store assignment for repository candidate interface ee.taavi.veebipood.repository.PersonRepository; If you want this repository to be a Redis repository, consider annotating your entities with one of these annotations: org.springframework.data.redis.core.RedisHash (preferred), or consider extending one of the following types with your repository: org.springframework.data.keyvalue.repository.KeyValueRepository
2025-12-17T11:56:22.695+02:00  INFO 10752 --- [veebipood] [main] .RepositoryConfigurationExtensionSupport : Spring Data Redis - Could not safely identify store assignment for repository candidate interface ee.taavi.veebipood.repository.ProductRepository; If you want this repository to be a Redis repository, consider annotating your entities with one of these annotations: org.springframework.data.redis.core.RedisHash (preferred), or consider extending one of the following types with your repository: org.springframework.data.keyvalue.repository.KeyValueRepository
2025-12-17T11:56:22.696+02:00  INFO 10752 --- [veebipood] [main] .s.d.r.c.RepositoryConfigurationDelegate : Finished Spring Data repository scanning in 47 ms. Found 0 Redis repository interfaces.
2025-12-17T11:56:26.614+02:00  INFO 10752 --- [veebipood] [main] o.s.b.w.embedded.tomcat.TomcatWebServer  : Tomcat initialized with port 8080 (http)
2025-12-17T11:56:26.654+02:00  INFO 10752 --- [veebipood] [main] o.apache.catalina.core.StandardService   : Starting service [Tomcat]
2025-12-17T11:56:26.655+02:00  INFO 10752 --- [veebipood] [main] o.apache.catalina.core.StandardEngine    : Starting Servlet engine: [Apache Tomcat/10.1.48]
2025-12-17T11:56:26.906+02:00  INFO 10752 --- [veebipood] [main] o.a.c.c.C.[Tomcat].[localhost].[/]       : Initializing Spring embedded WebApplicationContext
2025-12-17T11:56:26.909+02:00  INFO 10752 --- [veebipood] [main] w.s.c.ServletWebServerApplicationContext : Root WebApplicationContext: initialization completed in 8687 ms
2025-12-17T11:56:28.515+02:00  INFO 10752 --- [veebipood] [main] o.hibernate.jpa.internal.util.LogHelper  : HHH000204: Processing PersistenceUnitInfo [name: default]
2025-12-17T11:56:28.641+02:00  INFO 10752 --- [veebipood] [main] org.hibernate.Version                    : HHH000412: Hibernate ORM core version 6.6.33.Final
2025-12-17T11:56:28.730+02:00  INFO 10752 --- [veebipood] [main] o.h.c.internal.RegionFactoryInitiator    : HHH000026: Second-level cache disabled
2025-12-17T11:56:29.520+02:00  INFO 10752 --- [veebipood] [main] o.s.o.j.p.SpringPersistenceUnitInfo      : No LoadTimeWeaver setup: ignoring JPA class transformer
2025-12-17T11:56:29.576+02:00  INFO 10752 --- [veebipood] [main] com.zaxxer.hikari.HikariDataSource       : HikariPool-1 - Starting...
2025-12-17T11:56:29.927+02:00  INFO 10752 --- [veebipood] [main] com.zaxxer.hikari.pool.HikariPool        : HikariPool-1 - Added connection org.postgresql.jdbc.PgConnection@4d8522ff
2025-12-17T11:56:29.929+02:00  INFO 10752 --- [veebipood] [main] com.zaxxer.hikari.HikariDataSource       : HikariPool-1 - Start completed.
2025-12-17T11:56:30.059+02:00  INFO 10752 --- [veebipood] [main] org.hibernate.orm.connections.pooling    : HHH10001005: Database info:
	Database JDBC URL [Connecting through datasource 'HikariDataSource (HikariPool-1)']
	Database driver: undefined/unknown
	Database version: 18.0
	Autocommit mode: undefined/unknown
	Isolation level: undefined/unknown
	Minimum pool size: undefined/unknown
	Maximum pool size: undefined/unknown
2025-12-17T11:56:32.706+02:00  INFO 10752 --- [veebipood] [main] o.h.e.t.j.p.i.JtaPlatformInitiator       : HHH000489: No JTA platform available (set 'hibernate.transaction.jta.platform' to enable JTA platform integration)
2025-12-17T11:56:32.899+02:00  INFO 10752 --- [veebipood] [main] j.LocalContainerEntityManagerFactoryBean : Initialized JPA EntityManagerFactory for persistence unit 'default'
2025-12-17T11:56:35.357+02:00  WARN 10752 --- [veebipood] [main] JpaBaseConfiguration$JpaWebConfiguration : spring.jpa.open-in-view is enabled by default. Therefore, database queries may be performed during view rendering. Explicitly configure spring.jpa.open-in-view to disable this warning
2025-12-17T11:56:35.503+02:00  WARN 10752 --- [veebipood] [main] .s.s.UserDetailsServiceAutoConfiguration : 

Using generated security password: d127c87f-f844-4876-b7ed-40d6b88ef022

This generated password is for development use only. Your security configuration must be updated before running your application in production.

2025-12-17T11:56:35.534+02:00  INFO 10752 --- [veebipood] [main] r$InitializeUserDetailsManagerConfigurer : Global AuthenticationManager configured with UserDetailsService bean with name inMemoryUserDetailsManager
2025-12-17T11:56:37.041+02:00  INFO 10752 --- [veebipood] [main] o.s.v.b.OptionalValidatorFactoryBean     : Failed to set up a Bean Validation provider: jakarta.validation.NoProviderFoundException: Unable to create a Configuration, because no Jakarta Bean Validation provider could be found. Add a provider like Hibernate Validator (RI) to your classpath.
2025-12-17T11:56:38.092+02:00  INFO 10752 --- [veebipood] [main] o.s.b.w.embedded.tomcat.TomcatWebServer  : Tomcat started on port 8080 (http) with context path '/'
2025-12-17T11:56:38.112+02:00  INFO 10752 --- [veebipood] [main] e.taavi.veebipood.VeebipoodApplication   : Started VeebipoodApplication in 21.159 seconds (process running for 22.633)
2025-12-17T11:56:46.058+02:00  INFO 10752 --- [veebipood] [SpringApplicationShutdownHook] o.s.b.w.e.tomcat.GracefulShutdown        : Commencing graceful shutdown. Waiting for active requests to complete
2025-12-17T11:56:46.073+02:00  INFO 10752 --- [veebipood] [tomcat-shutdown] o.s.b.w.e.tomcat.GracefulShutdown        : Graceful shutdown complete
2025-12-17T11:56:46.092+02:00  INFO 10752 --- [veebipood] [SpringApplicationShutdownHook] j.LocalContainerEntityManagerFactoryBean : Closing JPA EntityManagerFactory for persistence unit 'default'
2025-12-17T11:56:46.094+02:00  INFO 10752 --- [veebipood] [SpringApplicationShutdownHook] com.zaxxer.hikari.HikariDataSource       : HikariPool-1 - Shutdown initiated...
2025-12-17T11:56:46.112+02:00  INFO 10752 --- [veebipood] [SpringApplicationShutdownHook] com.zaxxer.hikari.HikariDataSource       : HikariPool-1 - Shutdown completed.
2025-12-17T11:56:51.726+02:00  INFO 12292 --- [veebipood] [main] e.taavi.veebipood.VeebipoodApplication   : Starting VeebipoodApplication using Java 25 with PID 12292 (C:\Users\taavi\Documents\GitHub\veebipood\target\classes started by taavi in C:\Users\taavi\Documents\GitHub\veebipood)
2025-12-17T11:56:51.733+02:00  INFO 12292 --- [veebipood] [main] e.taavi.veebipood.VeebipoodApplication   : No active profile set, falling back to 1 default profile: "default"
2025-12-17T11:56:54.523+02:00  INFO 12292 --- [veebipood] [main] .s.d.r.c.RepositoryConfigurationDelegate : Multiple Spring Data modules found, entering strict repository configuration mode
2025-12-17T11:56:54.528+02:00  INFO 12292 --- [veebipood] [main] .s.d.r.c.RepositoryConfigurationDelegate : Bootstrapping Spring Data JPA repositories in DEFAULT mode.
2025-12-17T11:56:54.971+02:00  INFO 12292 --- [veebipood] [main] .s.d.r.c.RepositoryConfigurationDelegate : Finished Spring Data repository scanning in 417 ms. Found 4 JPA repository interfaces.
2025-12-17T11:56:55.068+02:00  INFO 12292 --- [veebipood] [main] .s.d.r.c.RepositoryConfigurationDelegate : Multiple Spring Data modules found, entering strict repository configuration mode
2025-12-17T11:56:55.082+02:00  INFO 12292 --- [veebipood] [main] .s.d.r.c.RepositoryConfigurationDelegate : Bootstrapping Spring Data Redis repositories in DEFAULT mode.
2025-12-17T11:56:55.172+02:00  INFO 12292 --- [veebipood] [main] .RepositoryConfigurationExtensionSupport : Spring Data Redis - Could not safely identify store assignment for repository candidate interface ee.taavi.veebipood.repository.CategoryRepository; If you want this repository to be a Redis repository, consider annotating your entities with one of these annotations: org.springframework.data.redis.core.RedisHash (preferred), or consider extending one of the following types with your repository: org.springframework.data.keyvalue.repository.KeyValueRepository
2025-12-17T11:56:55.222+02:00  INFO 12292 --- [veebipood] [main] .RepositoryConfigurationExtensionSupport : Spring Data Redis - Could not safely identify store assignment for repository candidate interface ee.taavi.veebipood.repository.OrderRepository; If you want this repository to be a Redis repository, consider annotating your entities with one of these annotations: org.springframework.data.redis.core.RedisHash (preferred), or consider extending one of the following types with your repository: org.springframework.data.keyvalue.repository.KeyValueRepository
2025-12-17T11:56:55.268+02:00  INFO 12292 --- [veebipood] [main] .RepositoryConfigurationExtensionSupport : Spring Data Redis - Could not safely identify store assignment for repository candidate interface ee.taavi.veebipood.repository.PersonRepository; If you want this repository to be a Redis repository, consider annotating your entities with one of these annotations: org.springframework.data.redis.core.RedisHash (preferred), or consider extending one of the following types with your repository: org.springframework.data.keyvalue.repository.KeyValueRepository
2025-12-17T11:56:55.268+02:00  INFO 12292 --- [veebipood] [main] .RepositoryConfigurationExtensionSupport : Spring Data Redis - Could not safely identify store assignment for repository candidate interface ee.taavi.veebipood.repository.ProductRepository; If you want this repository to be a Redis repository, consider annotating your entities with one of these annotations: org.springframework.data.redis.core.RedisHash (preferred), or consider extending one of the following types with your repository: org.springframework.data.keyvalue.repository.KeyValueRepository
2025-12-17T11:56:55.270+02:00  INFO 12292 --- [veebipood] [main] .s.d.r.c.RepositoryConfigurationDelegate : Finished Spring Data repository scanning in 132 ms. Found 0 Redis repository interfaces.
2025-12-17T11:56:58.452+02:00  INFO 12292 --- [veebipood] [main] o.s.b.w.embedded.tomcat.TomcatWebServer  : Tomcat initialized with port 8080 (http)
2025-12-17T11:56:58.490+02:00  INFO 12292 --- [veebipood] [main] o.apache.catalina.core.StandardService   : Starting service [Tomcat]
2025-12-17T11:56:58.490+02:00  INFO 12292 --- [veebipood] [main] o.apache.catalina.core.StandardEngine    : Starting Servlet engine: [Apache Tomcat/10.1.48]
2025-12-17T11:56:58.757+02:00  INFO 12292 --- [veebipood] [main] o.a.c.c.C.[Tomcat].[localhost].[/]       : Initializing Spring embedded WebApplicationContext
2025-12-17T11:56:58.758+02:00  INFO 12292 --- [veebipood] [main] w.s.c.ServletWebServerApplicationContext : Root WebApplicationContext: initialization completed in 6816 ms
2025-12-17T11:57:02.244+02:00  INFO 12292 --- [veebipood] [main] o.hibernate.jpa.internal.util.LogHelper  : HHH000204: Processing PersistenceUnitInfo [name: default]
2025-12-17T11:57:02.643+02:00  INFO 12292 --- [veebipood] [main] org.hibernate.Version                    : HHH000412: Hibernate ORM core version 6.6.33.Final
2025-12-17T11:57:02.789+02:00  INFO 12292 --- [veebipood] [main] o.h.c.internal.RegionFactoryInitiator    : HHH000026: Second-level cache disabled
2025-12-17T11:57:03.565+02:00  INFO 12292 --- [veebipood] [main] o.s.o.j.p.SpringPersistenceUnitInfo      : No LoadTimeWeaver setup: ignoring JPA class transformer
2025-12-17T11:57:03.655+02:00  INFO 12292 --- [veebipood] [main] com.zaxxer.hikari.HikariDataSource       : HikariPool-1 - Starting...
2025-12-17T11:57:04.266+02:00  INFO 12292 --- [veebipood] [main] com.zaxxer.hikari.pool.HikariPool        : HikariPool-1 - Added connection org.postgresql.jdbc.PgConnection@191b44ca
2025-12-17T11:57:04.267+02:00  INFO 12292 --- [veebipood] [main] com.zaxxer.hikari.HikariDataSource       : HikariPool-1 - Start completed.
2025-12-17T11:57:04.383+02:00  INFO 12292 --- [veebipood] [main] org.hibernate.orm.connections.pooling    : HHH10001005: Database info:
	Database JDBC URL [Connecting through datasource 'HikariDataSource (HikariPool-1)']
	Database driver: undefined/unknown
	Database version: 18.0
	Autocommit mode: undefined/unknown
	Isolation level: undefined/unknown
	Minimum pool size: undefined/unknown
	Maximum pool size: undefined/unknown
2025-12-17T11:57:08.539+02:00  INFO 12292 --- [veebipood] [main] o.h.e.t.j.p.i.JtaPlatformInitiator       : HHH000489: No JTA platform available (set 'hibernate.transaction.jta.platform' to enable JTA platform integration)
2025-12-17T11:57:08.752+02:00  INFO 12292 --- [veebipood] [main] j.LocalContainerEntityManagerFactoryBean : Initialized JPA EntityManagerFactory for persistence unit 'default'
2025-12-17T11:57:13.139+02:00  WARN 12292 --- [veebipood] [main] JpaBaseConfiguration$JpaWebConfiguration : spring.jpa.open-in-view is enabled by default. Therefore, database queries may be performed during view rendering. Explicitly configure spring.jpa.open-in-view to disable this warning
2025-12-17T11:57:13.255+02:00  WARN 12292 --- [veebipood] [main] .s.s.UserDetailsServiceAutoConfiguration : 

Using generated security password: 9129b63a-ce78-49d6-ae7e-d425afbc1bd4

This generated password is for development use only. Your security configuration must be updated before running your application in production.

2025-12-17T11:57:13.277+02:00  INFO 12292 --- [veebipood] [main] r$InitializeUserDetailsManagerConfigurer : Global AuthenticationManager configured with UserDetailsService bean with name inMemoryUserDetailsManager
2025-12-17T11:57:15.004+02:00  INFO 12292 --- [veebipood] [main] o.s.v.b.OptionalValidatorFactoryBean     : Failed to set up a Bean Validation provider: jakarta.validation.NoProviderFoundException: Unable to create a Configuration, because no Jakarta Bean Validation provider could be found. Add a provider like Hibernate Validator (RI) to your classpath.
2025-12-17T11:57:16.581+02:00  INFO 12292 --- [veebipood] [main] o.s.b.w.embedded.tomcat.TomcatWebServer  : Tomcat started on port 8080 (http) with context path '/'
2025-12-17T11:57:16.614+02:00  INFO 12292 --- [veebipood] [main] e.taavi.veebipood.VeebipoodApplication   : Started VeebipoodApplication in 26.343 seconds (process running for 27.318)
2025-12-17T11:57:57.387+02:00  INFO 12292 --- [veebipood] [http-nio-8080-exec-1] o.a.c.c.C.[Tomcat].[localhost].[/]       : Initializing Spring DispatcherServlet 'dispatcherServlet'
2025-12-17T11:57:57.388+02:00  INFO 12292 --- [veebipood] [http-nio-8080-exec-1] o.s.web.servlet.DispatcherServlet        : Initializing Servlet 'dispatcherServlet'
2025-12-17T11:57:57.392+02:00  INFO 12292 --- [veebipood] [http-nio-8080-exec-1] o.s.web.servlet.DispatcherServlet        : Completed initialization in 3 ms
2025-12-17T11:57:57.502+02:00  INFO 12292 --- [veebipood] [http-nio-8080-exec-1] e.t.v.controller.CategoryController      : Võtan kategooriaid
2025-12-17T11:58:30.938+02:00  INFO 12292 --- [veebipood] [http-nio-8080-exec-4] e.t.v.controller.CategoryController      : Võtan kategooriaid
2025-12-17T11:58:31.741+02:00  INFO 12292 --- [veebipood] [http-nio-8080-exec-7] e.t.v.controller.CategoryController      : Võtan kategooriaid
2025-12-17T11:59:54.533+02:00  INFO 12292 --- [veebipood] [SpringApplicationShutdownHook] o.s.b.w.e.tomcat.GracefulShutdown        : Commencing graceful shutdown. Waiting for active requests to complete
2025-12-17T11:59:54.559+02:00  INFO 12292 --- [veebipood] [tomcat-shutdown] o.s.b.w.e.tomcat.GracefulShutdown        : Graceful shutdown complete
2025-12-17T11:59:54.579+02:00  INFO 12292 --- [veebipood] [SpringApplicationShutdownHook] j.LocalContainerEntityManagerFactoryBean : Closing JPA EntityManagerFactory for persistence unit 'default'
2025-12-17T11:59:54.582+02:00  INFO 12292 --- [veebipood] [SpringApplicationShutdownHook] com.zaxxer.hikari.HikariDataSource       : HikariPool-1 - Shutdown initiated...
2025-12-17T11:59:54.619+02:00  INFO 12292 --- [veebipood] [SpringApplicationShutdownHook] com.zaxxer.hikari.HikariDataSource       : HikariPool-1 - Shutdown completed.
2025-12-17T12:00:12.767+02:00  INFO 5764 --- [veebipood] [main] e.taavi.veebipood.VeebipoodApplication   : Starting VeebipoodApplication using Java 25 with PID 5764 (C:\Users\taavi\Documents\GitHub\veebipood\target\classes started by taavi in C:\Users\taavi\Documents\GitHub\veebipood)
2025-12-17T12:00:12.770+02:00  INFO 5764 --- [veebipood] [main] e.taavi.veebipood.VeebipoodApplication   : No active profile set, falling back to 1 default profile: "default"
2025-12-17T12:00:16.900+02:00  INFO 5764 --- [veebipood] [main] .s.d.r.c.RepositoryConfigurationDelegate : Multiple Spring Data modules found, entering strict repository configuration mode
2025-12-17T12:00:16.905+02:00  INFO 5764 --- [veebipood] [main] .s.d.r.c.RepositoryConfigurationDelegate : Bootstrapping Spring Data JPA repositories in DEFAULT mode.
2025-12-17T12:00:17.812+02:00  INFO 5764 --- [veebipood] [main] .s.d.r.c.RepositoryConfigurationDelegate : Finished Spring Data repository scanning in 835 ms. Found 4 JPA repository interfaces.
2025-12-17T12:00:17.929+02:00  INFO 5764 --- [veebipood] [main] .s.d.r.c.RepositoryConfigurationDelegate : Multiple Spring Data modules found, entering strict repository configuration mode
2025-12-17T12:00:17.961+02:00  INFO 5764 --- [veebipood] [main] .s.d.r.c.RepositoryConfigurationDelegate : Bootstrapping Spring Data Redis repositories in DEFAULT mode.
2025-12-17T12:00:18.173+02:00  INFO 5764 --- [veebipood] [main] .RepositoryConfigurationExtensionSupport : Spring Data Redis - Could not safely identify store assignment for repository candidate interface ee.taavi.veebipood.repository.CategoryRepository; If you want this repository to be a Redis repository, consider annotating your entities with one of these annotations: org.springframework.data.redis.core.RedisHash (preferred), or consider extending one of the following types with your repository: org.springframework.data.keyvalue.repository.KeyValueRepository
2025-12-17T12:00:18.211+02:00  INFO 5764 --- [veebipood] [main] .RepositoryConfigurationExtensionSupport : Spring Data Redis - Could not safely identify store assignment for repository candidate interface ee.taavi.veebipood.repository.OrderRepository; If you want this repository to be a Redis repository, consider annotating your entities with one of these annotations: org.springframework.data.redis.core.RedisHash (preferred), or consider extending one of the following types with your repository: org.springframework.data.keyvalue.repository.KeyValueRepository
2025-12-17T12:00:18.228+02:00  INFO 5764 --- [veebipood] [main] .RepositoryConfigurationExtensionSupport : Spring Data Redis - Could not safely identify store assignment for repository candidate interface ee.taavi.veebipood.repository.PersonRepository; If you want this repository to be a Redis repository, consider annotating your entities with one of these annotations: org.springframework.data.redis.core.RedisHash (preferred), or consider extending one of the following types with your repository: org.springframework.data.keyvalue.repository.KeyValueRepository
2025-12-17T12:00:18.229+02:00  INFO 5764 --- [veebipood] [main] .RepositoryConfigurationExtensionSupport : Spring Data Redis - Could not safely identify store assignment for repository candidate interface ee.taavi.veebipood.repository.ProductRepository; If you want this repository to be a Redis repository, consider annotating your entities with one of these annotations: org.springframework.data.redis.core.RedisHash (preferred), or consider extending one of the following types with your repository: org.springframework.data.keyvalue.repository.KeyValueRepository
2025-12-17T12:00:18.229+02:00  INFO 5764 --- [veebipood] [main] .s.d.r.c.RepositoryConfigurationDelegate : Finished Spring Data repository scanning in 194 ms. Found 0 Redis repository interfaces.
2025-12-17T12:00:24.008+02:00  INFO 5764 --- [veebipood] [main] o.s.b.w.embedded.tomcat.TomcatWebServer  : Tomcat initialized with port 8080 (http)
2025-12-17T12:00:24.049+02:00  INFO 5764 --- [veebipood] [main] o.apache.catalina.core.StandardService   : Starting service [Tomcat]
2025-12-17T12:00:24.050+02:00  INFO 5764 --- [veebipood] [main] o.apache.catalina.core.StandardEngine    : Starting Servlet engine: [Apache Tomcat/10.1.48]
2025-12-17T12:00:24.284+02:00  INFO 5764 --- [veebipood] [main] o.a.c.c.C.[Tomcat].[localhost].[/]       : Initializing Spring embedded WebApplicationContext
2025-12-17T12:00:24.284+02:00  INFO 5764 --- [veebipood] [main] w.s.c.ServletWebServerApplicationContext : Root WebApplicationContext: initialization completed in 11187 ms
2025-12-17T12:00:26.666+02:00  INFO 5764 --- [veebipood] [main] o.hibernate.jpa.internal.util.LogHelper  : HHH000204: Processing PersistenceUnitInfo [name: default]
2025-12-17T12:00:26.935+02:00  INFO 5764 --- [veebipood] [main] org.hibernate.Version                    : HHH000412: Hibernate ORM core version 6.6.33.Final
2025-12-17T12:00:27.063+02:00  INFO 5764 --- [veebipood] [main] o.h.c.internal.RegionFactoryInitiator    : HHH000026: Second-level cache disabled
2025-12-17T12:00:27.856+02:00  INFO 5764 --- [veebipood] [main] o.s.o.j.p.SpringPersistenceUnitInfo      : No LoadTimeWeaver setup: ignoring JPA class transformer
2025-12-17T12:00:27.945+02:00  INFO 5764 --- [veebipood] [main] com.zaxxer.hikari.HikariDataSource       : HikariPool-1 - Starting...
2025-12-17T12:00:28.511+02:00  INFO 5764 --- [veebipood] [main] com.zaxxer.hikari.pool.HikariPool        : HikariPool-1 - Added connection org.postgresql.jdbc.PgConnection@72d0196d
2025-12-17T12:00:28.512+02:00  INFO 5764 --- [veebipood] [main] com.zaxxer.hikari.HikariDataSource       : HikariPool-1 - Start completed.
2025-12-17T12:00:28.630+02:00  INFO 5764 --- [veebipood] [main] org.hibernate.orm.connections.pooling    : HHH10001005: Database info:
	Database JDBC URL [Connecting through datasource 'HikariDataSource (HikariPool-1)']
	Database driver: undefined/unknown
	Database version: 18.0
	Autocommit mode: undefined/unknown
	Isolation level: undefined/unknown
	Minimum pool size: undefined/unknown
	Maximum pool size: undefined/unknown
2025-12-17T12:00:32.261+02:00  INFO 5764 --- [veebipood] [main] o.h.e.t.j.p.i.JtaPlatformInitiator       : HHH000489: No JTA platform available (set 'hibernate.transaction.jta.platform' to enable JTA platform integration)
2025-12-17T12:00:32.514+02:00  INFO 5764 --- [veebipood] [main] j.LocalContainerEntityManagerFactoryBean : Initialized JPA EntityManagerFactory for persistence unit 'default'
2025-12-17T12:00:35.433+02:00  WARN 5764 --- [veebipood] [main] JpaBaseConfiguration$JpaWebConfiguration : spring.jpa.open-in-view is enabled by default. Therefore, database queries may be performed during view rendering. Explicitly configure spring.jpa.open-in-view to disable this warning
2025-12-17T12:00:35.506+02:00  WARN 5764 --- [veebipood] [main] .s.s.UserDetailsServiceAutoConfiguration : 

Using generated security password: e6370b8f-91c9-4063-8783-16b34fb800de

This generated password is for development use only. Your security configuration must be updated before running your application in production.

2025-12-17T12:00:35.515+02:00  INFO 5764 --- [veebipood] [main] r$InitializeUserDetailsManagerConfigurer : Global AuthenticationManager configured with UserDetailsService bean with name inMemoryUserDetailsManager
2025-12-17T12:00:36.815+02:00  INFO 5764 --- [veebipood] [main] o.s.v.b.OptionalValidatorFactoryBean     : Failed to set up a Bean Validation provider: jakarta.validation.NoProviderFoundException: Unable to create a Configuration, because no Jakarta Bean Validation provider could be found. Add a provider like Hibernate Validator (RI) to your classpath.
2025-12-17T12:00:39.287+02:00  INFO 5764 --- [veebipood] [main] o.s.b.w.embedded.tomcat.TomcatWebServer  : Tomcat started on port 8080 (http) with context path '/'
2025-12-17T12:00:39.324+02:00  INFO 5764 --- [veebipood] [main] e.taavi.veebipood.VeebipoodApplication   : Started VeebipoodApplication in 28.376 seconds (process running for 29.724)
2025-12-17T12:00:39.710+02:00  INFO 5764 --- [veebipood] [http-nio-8080-exec-2] o.a.c.c.C.[Tomcat].[localhost].[/]       : Initializing Spring DispatcherServlet 'dispatcherServlet'
2025-12-17T12:00:39.711+02:00  INFO 5764 --- [veebipood] [http-nio-8080-exec-2] o.s.web.servlet.DispatcherServlet        : Initializing Servlet 'dispatcherServlet'
2025-12-17T12:00:39.714+02:00  INFO 5764 --- [veebipood] [http-nio-8080-exec-2] o.s.web.servlet.DispatcherServlet        : Completed initialization in 3 ms
2025-12-17T12:00:41.450+02:00  INFO 5764 --- [veebipood] [http-nio-8080-exec-2] e.t.v.controller.CategoryController      : Võtan 5 kategooriaid
2025-12-17T12:00:41.944+02:00  WARN 5764 --- [veebipood] [http-nio-8080-exec-1] o.a.c.util.SessionIdGeneratorBase        : Creation of SecureRandom instance for session ID generation using [SHA1PRNG] took [109] milliseconds.
2025-12-17T12:00:44.171+02:00  INFO 5764 --- [veebipood] [http-nio-8080-exec-3] e.t.v.controller.CategoryController      : Võtan 5 kategooriaid
2025-12-17T12:00:46.524+02:00  INFO 5764 --- [veebipood] [http-nio-8080-exec-7] e.t.v.controller.CategoryController      : Võtan 5 kategooriaid
2025-12-17T12:00:48.412+02:00  INFO 5764 --- [veebipood] [http-nio-8080-exec-10] e.t.v.controller.CategoryController      : Võtan 5 kategooriaid
2025-12-17T12:05:11.535+02:00  INFO 5764 --- [veebipood] [SpringApplicationShutdownHook] o.s.b.w.e.tomcat.GracefulShutdown        : Commencing graceful shutdown. Waiting for active requests to complete
2025-12-17T12:05:11.729+02:00  INFO 5764 --- [veebipood] [tomcat-shutdown] o.s.b.w.e.tomcat.GracefulShutdown        : Graceful shutdown complete
2025-12-17T12:05:11.765+02:00  INFO 5764 --- [veebipood] [SpringApplicationShutdownHook] j.LocalContainerEntityManagerFactoryBean : Closing JPA EntityManagerFactory for persistence unit 'default'
2025-12-17T12:05:11.769+02:00  INFO 5764 --- [veebipood] [SpringApplicationShutdownHook] com.zaxxer.hikari.HikariDataSource       : HikariPool-1 - Shutdown initiated...
2025-12-17T12:05:11.851+02:00  INFO 5764 --- [veebipood] [SpringApplicationShutdownHook] com.zaxxer.hikari.HikariDataSource       : HikariPool-1 - Shutdown completed.
2025-12-17T12:05:27.247+02:00  INFO 10528 --- [veebipood] [main] e.taavi.veebipood.VeebipoodApplication   : Starting VeebipoodApplication using Java 25 with PID 10528 (C:\Users\taavi\Documents\GitHub\veebipood\target\classes started by taavi in C:\Users\taavi\Documents\GitHub\veebipood)
2025-12-17T12:05:27.252+02:00  INFO 10528 --- [veebipood] [main] e.taavi.veebipood.VeebipoodApplication   : No active profile set, falling back to 1 default profile: "default"
2025-12-17T12:05:30.573+02:00  INFO 10528 --- [veebipood] [main] .s.d.r.c.RepositoryConfigurationDelegate : Multiple Spring Data modules found, entering strict repository configuration mode
2025-12-17T12:05:30.576+02:00  INFO 10528 --- [veebipood] [main] .s.d.r.c.RepositoryConfigurationDelegate : Bootstrapping Spring Data JPA repositories in DEFAULT mode.
2025-12-17T12:05:31.202+02:00  INFO 10528 --- [veebipood] [main] .s.d.r.c.RepositoryConfigurationDelegate : Finished Spring Data repository scanning in 604 ms. Found 4 JPA repository interfaces.
2025-12-17T12:05:31.320+02:00  INFO 10528 --- [veebipood] [main] .s.d.r.c.RepositoryConfigurationDelegate : Multiple Spring Data modules found, entering strict repository configuration mode
2025-12-17T12:05:31.322+02:00  INFO 10528 --- [veebipood] [main] .s.d.r.c.RepositoryConfigurationDelegate : Bootstrapping Spring Data Redis repositories in DEFAULT mode.
2025-12-17T12:05:31.405+02:00  INFO 10528 --- [veebipood] [main] .RepositoryConfigurationExtensionSupport : Spring Data Redis - Could not safely identify store assignment for repository candidate interface ee.taavi.veebipood.repository.CategoryRepository; If you want this repository to be a Redis repository, consider annotating your entities with one of these annotations: org.springframework.data.redis.core.RedisHash (preferred), or consider extending one of the following types with your repository: org.springframework.data.keyvalue.repository.KeyValueRepository
2025-12-17T12:05:31.407+02:00  INFO 10528 --- [veebipood] [main] .RepositoryConfigurationExtensionSupport : Spring Data Redis - Could not safely identify store assignment for repository candidate interface ee.taavi.veebipood.repository.OrderRepository; If you want this repository to be a Redis repository, consider annotating your entities with one of these annotations: org.springframework.data.redis.core.RedisHash (preferred), or consider extending one of the following types with your repository: org.springframework.data.keyvalue.repository.KeyValueRepository
2025-12-17T12:05:31.440+02:00  INFO 10528 --- [veebipood] [main] .RepositoryConfigurationExtensionSupport : Spring Data Redis - Could not safely identify store assignment for repository candidate interface ee.taavi.veebipood.repository.PersonRepository; If you want this repository to be a Redis repository, consider annotating your entities with one of these annotations: org.springframework.data.redis.core.RedisHash (preferred), or consider extending one of the following types with your repository: org.springframework.data.keyvalue.repository.KeyValueRepository
2025-12-17T12:05:31.469+02:00  INFO 10528 --- [veebipood] [main] .RepositoryConfigurationExtensionSupport : Spring Data Redis - Could not safely identify store assignment for repository candidate interface ee.taavi.veebipood.repository.ProductRepository; If you want this repository to be a Redis repository, consider annotating your entities with one of these annotations: org.springframework.data.redis.core.RedisHash (preferred), or consider extending one of the following types with your repository: org.springframework.data.keyvalue.repository.KeyValueRepository
2025-12-17T12:05:31.485+02:00  INFO 10528 --- [veebipood] [main] .s.d.r.c.RepositoryConfigurationDelegate : Finished Spring Data repository scanning in 80 ms. Found 0 Redis repository interfaces.
2025-12-17T12:05:34.674+02:00  INFO 10528 --- [veebipood] [main] o.s.b.w.embedded.tomcat.TomcatWebServer  : Tomcat initialized with port 8080 (http)
2025-12-17T12:05:34.720+02:00  INFO 10528 --- [veebipood] [main] o.apache.catalina.core.StandardService   : Starting service [Tomcat]
2025-12-17T12:05:34.722+02:00  INFO 10528 --- [veebipood] [main] o.apache.catalina.core.StandardEngine    : Starting Servlet engine: [Apache Tomcat/10.1.48]
2025-12-17T12:05:35.005+02:00  INFO 10528 --- [veebipood] [main] o.a.c.c.C.[Tomcat].[localhost].[/]       : Initializing Spring embedded WebApplicationContext
2025-12-17T12:05:35.007+02:00  INFO 10528 --- [veebipood] [main] w.s.c.ServletWebServerApplicationContext : Root WebApplicationContext: initialization completed in 7464 ms
2025-12-17T12:05:37.295+02:00  INFO 10528 --- [veebipood] [main] o.hibernate.jpa.internal.util.LogHelper  : HHH000204: Processing PersistenceUnitInfo [name: default]
2025-12-17T12:05:37.401+02:00  INFO 10528 --- [veebipood] [main] org.hibernate.Version                    : HHH000412: Hibernate ORM core version 6.6.33.Final
2025-12-17T12:05:37.479+02:00  INFO 10528 --- [veebipood] [main] o.h.c.internal.RegionFactoryInitiator    : HHH000026: Second-level cache disabled
2025-12-17T12:05:38.220+02:00  INFO 10528 --- [veebipood] [main] o.s.o.j.p.SpringPersistenceUnitInfo      : No LoadTimeWeaver setup: ignoring JPA class transformer
2025-12-17T12:05:38.291+02:00  INFO 10528 --- [veebipood] [main] com.zaxxer.hikari.HikariDataSource       : HikariPool-1 - Starting...
2025-12-17T12:05:38.670+02:00  INFO 10528 --- [veebipood] [main] com.zaxxer.hikari.pool.HikariPool        : HikariPool-1 - Added connection org.postgresql.jdbc.PgConnection@5151accb
2025-12-17T12:05:38.672+02:00  INFO 10528 --- [veebipood] [main] com.zaxxer.hikari.HikariDataSource       : HikariPool-1 - Start completed.
2025-12-17T12:05:38.816+02:00  INFO 10528 --- [veebipood] [main] org.hibernate.orm.connections.pooling    : HHH10001005: Database info:
	Database JDBC URL [Connecting through datasource 'HikariDataSource (HikariPool-1)']
	Database driver: undefined/unknown
	Database version: 18.0
	Autocommit mode: undefined/unknown
	Isolation level: undefined/unknown
	Minimum pool size: undefined/unknown
	Maximum pool size: undefined/unknown
2025-12-17T12:05:42.487+02:00  INFO 10528 --- [veebipood] [main] o.h.e.t.j.p.i.JtaPlatformInitiator       : HHH000489: No JTA platform available (set 'hibernate.transaction.jta.platform' to enable JTA platform integration)
2025-12-17T12:05:42.737+02:00  INFO 10528 --- [veebipood] [main] j.LocalContainerEntityManagerFactoryBean : Initialized JPA EntityManagerFactory for persistence unit 'default'
2025-12-17T12:05:45.902+02:00  WARN 10528 --- [veebipood] [main] JpaBaseConfiguration$JpaWebConfiguration : spring.jpa.open-in-view is enabled by default. Therefore, database queries may be performed during view rendering. Explicitly configure spring.jpa.open-in-view to disable this warning
2025-12-17T12:05:46.100+02:00  WARN 10528 --- [veebipood] [main] .s.s.UserDetailsServiceAutoConfiguration : 

Using generated security password: 16bf51d8-6c61-4978-8e56-20b2f71c6e1b

This generated password is for development use only. Your security configuration must be updated before running your application in production.

2025-12-17T12:05:46.172+02:00  INFO 10528 --- [veebipood] [main] r$InitializeUserDetailsManagerConfigurer : Global AuthenticationManager configured with UserDetailsService bean with name inMemoryUserDetailsManager
2025-12-17T12:05:47.678+02:00  INFO 10528 --- [veebipood] [main] o.s.v.b.OptionalValidatorFactoryBean     : Failed to set up a Bean Validation provider: jakarta.validation.NoProviderFoundException: Unable to create a Configuration, because no Jakarta Bean Validation provider could be found. Add a provider like Hibernate Validator (RI) to your classpath.
2025-12-17T12:05:49.598+02:00  INFO 10528 --- [veebipood] [main] o.s.b.w.embedded.tomcat.TomcatWebServer  : Tomcat started on port 8080 (http) with context path '/'
2025-12-17T12:05:49.655+02:00  INFO 10528 --- [veebipood] [main] e.taavi.veebipood.VeebipoodApplication   : Started VeebipoodApplication in 24.155 seconds (process running for 25.597)
